[debug] [2018-11-13T14:34:20.877Z] ----------------------------------------------------------------------
[debug] [2018-11-13T14:34:20.881Z] Command:       C:\Program Files\nodejs\node.exe C:\Users\kerlis\AppData\Roaming\npm\node_modules\firebase-tools\lib\bin\firebase.js init
[debug] [2018-11-13T14:34:20.881Z] CLI Version:   6.0.1
[debug] [2018-11-13T14:34:20.881Z] Platform:      win32
[debug] [2018-11-13T14:34:20.881Z] Node Version:  v8.12.0
[debug] [2018-11-13T14:34:20.881Z] Time:          Tue Nov 13 2018 08:34:20 GMT-0600 (Canada Central Standard Time)
[debug] [2018-11-13T14:34:20.881Z] ----------------------------------------------------------------------
[debug] 
[debug] [2018-11-13T14:34:20.901Z] > command requires scopes: ["email","openid","https://www.googleapis.com/auth/cloudplatformprojects.readonly","https://www.googleapis.com/auth/firebase","https://www.googleapis.com/auth/cloud-platform"]
[debug] [2018-11-13T14:34:20.901Z] > authorizing via signed-in user
[info] 
     ######## #### ########  ######## ########     ###     ######  ########
     ##        ##  ##     ## ##       ##     ##  ##   ##  ##       ##
     ######    ##  ########  ######   ########  #########  ######  ######
     ##        ##  ##    ##  ##       ##     ## ##     ##       ## ##
     ##       #### ##     ## ######## ########  ##     ##  ######  ########

You're about to initialize a Firebase project in this directory:

  C:\Users\kerlis\Desktop\proyectosistemas\proyecto

Before we get started, keep in mind:

  * You are initializing in an existing Firebase project directory

